<?xml version="1.0" encoding="UTF-8"?>
<!-- Generated by org.testng.reporters.JUnitReportReporter -->
<testsuite hostname="DESKTOP-JGIOHBA" failures="0" tests="1" name="Amazon_TestJava.AmzProductTest" time="79.049" errors="0" timestamp="2022-05-13T17:03:54 IST" skipped="0">
  <testcase classname="Amazon_TestJava.AmzProductTest" name="productPageAmz" time="79.049"/>
  <system-out/>
</testsuite> <!-- Amazon_TestJava.AmzProductTest -->
