<?xml version="1.0" encoding="UTF-8"?>
<!-- Generated by org.testng.reporters.JUnitReportReporter -->
<testsuite hostname="DESKTOP-JGIOHBA" failures="0" tests="1" name="TwitterTest.TwtHomeSearchTest" time="0.081" errors="0" timestamp="2022-05-09T19:25:46 IST" skipped="0">
  <testcase classname="TwitterTest.TwtHomeSearchTest" name="elonProfileSearch" time="0.081"/>
  <system-out/>
</testsuite> <!-- TwitterTest.TwtHomeSearchTest -->
