<?xml version="1.0" encoding="UTF-8"?>
<!-- Generated by org.testng.reporters.JUnitReportReporter -->
<testsuite hostname="DESKTOP-JGIOHBA" failures="0" tests="5" name="testng.DependsOnGroupsXml" time="0.028" errors="0" timestamp="2022-05-06T15:00:59 IST" skipped="0">
  <testcase classname="testng.DependsOnGroupsXml" name="signOut" time="0.003"/>
  <system-out/>
  <testcase classname="testng.DependsOnGroupsXml" name="openBrowser" time="0.018"/>
  <system-out/>
  <testcase classname="testng.DependsOnGroupsXml" name="viewAcc" time="0.003"/>
  <system-out/>
  <testcase classname="testng.DependsOnGroupsXml" name="closeAccount" time="0.002"/>
  <system-out/>
  <testcase classname="testng.DependsOnGroupsXml" name="signIn" time="0.002"/>
  <system-out/>
</testsuite> <!-- testng.DependsOnGroupsXml -->
