<?xml version="1.0" encoding="UTF-8"?>
<!-- Generated by org.testng.reporters.JUnitReportReporter -->
<testsuite hostname="DESKTOP-JGIOHBA" failures="0" tests="2" name="groups.Parallel" time="0.033" errors="0" timestamp="2022-05-05T20:18:09 IST" skipped="0">
  <testcase classname="groups.Parallel" name="checkDashboard" time="0.016"/>
  <system-out/>
  <testcase classname="groups.Parallel" name="verifyingAppointment" time="0.017"/>
  <system-out/>
</testsuite> <!-- groups.Parallel -->
