<?xml version="1.0" encoding="UTF-8"?>
<!-- Generated by org.testng.reporters.JUnitReportReporter -->
<testsuite hostname="DESKTOP-JGIOHBA" failures="0" tests="4" name="testng.ParentClassTest2" time="0.013" errors="0" timestamp="2022-05-06T14:21:30 IST" skipped="0">
  <testcase classname="testng.ParentClassTest2" name="testTwo" time="0.004"/>
  <system-out/>
  <testcase classname="testng.ParentClassTest2" name="testOne" time="0.002"/>
  <system-out/>
  <testcase classname="testng.ParentClassTest2" name="testThree" time="0.004"/>
  <system-out/>
  <testcase classname="testng.ParentClassTest2" name="testFour" time="0.003"/>
  <system-out/>
</testsuite> <!-- testng.ParentClassTest2 -->
