<?xml version="1.0" encoding="UTF-8"?>
<!-- Generated by org.testng.reporters.JUnitReportReporter -->
<testsuite hostname="DESKTOP-JGIOHBA" failures="0" tests="4" name="testng.DependsOnChild" time="0.035" errors="0" timestamp="2022-05-06T14:14:38 IST" skipped="0">
  <testcase classname="testng.DependsOnChild" name="signOut" time="0.006"/>
  <system-out/>
  <testcase classname="testng.DependsOnChild" name="logoutMessage" time="0.004"/>
  <system-out/>
  <testcase classname="testng.DependsOnChild" name="openBrowser" time="0.018"/>
  <system-out/>
  <testcase classname="testng.DependsOnChild" name="signIn" time="0.007"/>
  <system-out/>
</testsuite> <!-- testng.DependsOnChild -->
