<?xml version="1.0" encoding="UTF-8"?>
<!-- Generated by org.testng.reporters.JUnitReportReporter -->
<testsuite hostname="DESKTOP-JGIOHBA" failures="0" tests="1" name="TwitterTest.TwtHomeTest" time="16.657" errors="0" timestamp="2022-05-09T15:04:27 IST" skipped="0">
  <testcase classname="TwitterTest.TwtHomeTest" name="elonProfileSearch" time="16.657"/>
  <system-out/>
</testsuite> <!-- TwitterTest.TwtHomeTest -->
