<?xml version="1.0" encoding="UTF-8"?>
<!-- Generated by org.testng.reporters.JUnitReportReporter -->
<testsuite hostname="DESKTOP-JGIOHBA" failures="0" tests="3" name="testng.DependsOn" time="0.030" errors="0" timestamp="2022-05-06T14:15:12 IST" skipped="0">
  <testcase classname="testng.DependsOn" name="signOut" time="0.008"/>
  <system-out/>
  <testcase classname="testng.DependsOn" name="signIn" time="0.004"/>
  <system-out/>
  <testcase classname="testng.DependsOn" name="openBrowser" time="0.018"/>
  <system-out/>
</testsuite> <!-- testng.DependsOn -->
