<?xml version="1.0" encoding="UTF-8"?>
<!-- Generated by org.testng.reporters.JUnitReportReporter -->
<testsuite hostname="DESKTOP-JGIOHBA" failures="0" tests="2" name="asserts.Softa" time="0.077" errors="0" timestamp="2022-05-05T23:09:01 IST" skipped="0">
  <testcase classname="asserts.Softa" name="verifyTitleOfLoginPage" time="0.045"/>
  <system-out/>
  <testcase classname="asserts.Softa" name="verifyUrlOfLoginPage" time="0.032"/>
  <system-out/>
</testsuite> <!-- asserts.Softa -->
