<?xml version="1.0" encoding="UTF-8"?>
<!-- Generated by org.testng.reporters.JUnitReportReporter -->
<testsuite hostname="DESKTOP-JGIOHBA" failures="0" tests="2" name="testng.LoginTest" time="0.023" errors="0" timestamp="2022-05-01T17:15:58 IST" skipped="0">
  <testcase classname="testng.LoginTest" name="bloginTest" time="0.017"/>
  <system-out/>
  <testcase classname="testng.LoginTest" name="alogoutTest" time="0.006"/>
  <system-out/>
</testsuite> <!-- testng.LoginTest -->
