<?xml version="1.0" encoding="UTF-8"?>
<!-- Generated by org.testng.reporters.JUnitReportReporter -->
<testsuite hostname="DESKTOP-JGIOHBA" failures="0" tests="5" name="testng.SkipEnable" time="0.024" errors="0" timestamp="2022-05-06T16:43:00 IST" skipped="1">
  <testcase classname="testng.SkipEnable" name="signIn" time="0.004"/>
  <system-out/>
  <testcase classname="testng.SkipEnable" name="openBrowser" time="0.015"/>
  <system-out/>
  <testcase classname="testng.SkipEnable" name="signOut" time="0.003"/>
  <system-out/>
  <testcase classname="testng.SkipEnable" name="viewAcc" time="0.002"/>
  <system-out/>
  <testcase classname="testng.SkipEnable" name="closeAccount">
    <skipped/>
  </testcase> <!-- closeAccount -->
  <system-out/>
</testsuite> <!-- testng.SkipEnable -->
