<?xml version="1.0" encoding="UTF-8"?>
<!-- Generated by org.testng.reporters.JUnitReportReporter -->
<testsuite hostname="DESKTOP-JGIOHBA" failures="0" tests="1" name="TwitterTest.TwtProfileEditTest" time="10.724" errors="0" timestamp="2022-05-09T16:25:44 IST" skipped="0">
  <testcase classname="TwitterTest.TwtProfileEditTest" name="editBio" time="10.724"/>
  <system-out/>
</testsuite> <!-- TwitterTest.TwtProfileEditTest -->
