<?xml version="1.0" encoding="UTF-8"?>
<!-- Generated by org.testng.reporters.JUnitReportReporter -->
<testsuite hostname="DESKTOP-JGIOHBA" failures="0" tests="3" name="ATest_Java.LoginPageTesttt" time="2.347" errors="0" timestamp="2022-05-09T13:15:32 IST" skipped="0">
  <testcase classname="ATest_Java.LoginPageTesttt" name="loginUrlVerify" time="0.023"/>
  <system-out>
    <![CDATA[Verifying Page URL]]>
  </system-out>
  <testcase classname="ATest_Java.LoginPageTesttt" name="loginTitle" time="0.064"/>
  <system-out>
    <![CDATA[Verifying Page Title]]>
  </system-out>
  <testcase classname="ATest_Java.LoginPageTesttt" name="loginVerify" time="2.260"/>
  <system-out>
    <![CDATA[Logged In Successfully]]>
  </system-out>
</testsuite> <!-- ATest_Java.LoginPageTesttt -->
