<?xml version="1.0" encoding="UTF-8"?>
<!-- Generated by org.testng.reporters.JUnitReportReporter -->
<testsuite hostname="DESKTOP-JGIOHBA" failures="0" tests="1" name="TwitterTest.TwtLoginTestttt" time="23.186" errors="0" timestamp="2022-05-09T19:25:46 IST" skipped="0">
  <testcase classname="TwitterTest.TwtLoginTestttt" name="loginTwt" time="23.186"/>
  <system-out/>
</testsuite> <!-- TwitterTest.TwtLoginTestttt -->
