<?xml version="1.0" encoding="UTF-8"?>
<!-- Generated by org.testng.reporters.JUnitReportReporter -->
<testsuite hostname="DESKTOP-JGIOHBA" failures="0" tests="4" name="testng.DependentTestExamples" time="0.033" errors="0" timestamp="2022-05-06T14:19:28 IST" skipped="0">
  <testcase classname="testng.DependentTestExamples" name="testOne" time="0.006"/>
  <system-out/>
  <testcase classname="testng.DependentTestExamples" name="testThree" time="0.005"/>
  <system-out/>
  <testcase classname="testng.DependentTestExamples" name="testFour" time="0.019"/>
  <system-out/>
  <testcase classname="testng.DependentTestExamples" name="testTwo" time="0.003"/>
  <system-out/>
</testsuite> <!-- testng.DependentTestExamples -->
