<?xml version="1.0" encoding="UTF-8"?>
<!-- Generated by org.testng.reporters.JUnitReportReporter -->
<testsuite hostname="DESKTOP-JGIOHBA" failures="0" tests="2" name="testng.ParentClassTest" time="0.022" errors="0" timestamp="2022-05-06T14:21:30 IST" skipped="0">
  <testcase classname="testng.ParentClassTest" name="testTwo" time="0.016"/>
  <system-out/>
  <testcase classname="testng.ParentClassTest" name="testOne" time="0.006"/>
  <system-out/>
</testsuite> <!-- testng.ParentClassTest -->
