<?xml version="1.0" encoding="UTF-8"?>
<!-- Generated by org.testng.reporters.JUnitReportReporter -->
<testsuite hostname="DESKTOP-JGIOHBA" failures="0" tests="3" name="groups.Gps" time="8.554" errors="0" timestamp="2022-05-05T20:26:12 IST" skipped="0">
  <testcase classname="groups.Gps" name="verifyPageTitle" time="0.023"/>
  <system-out>
    <![CDATA[Verifying Title]]>
  </system-out>
  <testcase classname="groups.Gps" name="verifyUrl" time="0.029"/>
  <system-out/>
  <testcase classname="groups.Gps" name="loginToApp" time="8.502"/>
  <system-out/>
</testsuite> <!-- groups.Gps -->
