<?xml version="1.0" encoding="UTF-8"?>
<!-- Generated by org.testng.reporters.JUnitReportReporter -->
<testsuite hostname="DESKTOP-JGIOHBA" failures="0" tests="4" name="testng.Priority" time="0.039" errors="0" timestamp="2022-05-06T13:35:08 IST" skipped="0">
  <testcase classname="testng.Priority" name="a_method" time="0.024"/>
  <system-out/>
  <testcase classname="testng.Priority" name="b_method" time="0.003"/>
  <system-out/>
  <testcase classname="testng.Priority" name="c_metohd" time="0.007"/>
  <system-out/>
  <testcase classname="testng.Priority" name="d_method" time="0.005"/>
  <system-out/>
</testsuite> <!-- testng.Priority -->
