<?xml version="1.0" encoding="UTF-8"?>
<!-- Generated by org.testng.reporters.JUnitReportReporter -->
<testsuite hostname="DESKTOP-JGIOHBA" failures="0" tests="3" name="testjava.LoginPageTest" time="23.503" errors="0" timestamp="2022-05-08T18:08:36 IST" skipped="0">
  <testcase classname="testjava.LoginPageTest" name="verifyTitleOfLogin" time="0.190"/>
  <system-out/>
  <testcase classname="testjava.LoginPageTest" name="verifyUrlOfLogin" time="0.021"/>
  <system-out/>
  <testcase classname="testjava.LoginPageTest" name="verifyLoginCorrectCred" time="23.292"/>
  <system-out/>
</testsuite> <!-- testjava.LoginPageTest -->
