<?xml version="1.0" encoding="UTF-8"?>
<!-- Generated by org.testng.reporters.JUnitReportReporter -->
<testsuite hostname="DESKTOP-JGIOHBA" failures="0" tests="1" name="Test_Scenarios.TestMethods_GoogleSearch" time="6.280" errors="0" timestamp="2022-05-07T18:11:49 IST" skipped="0">
  <testcase classname="Test_Scenarios.TestMethods_GoogleSearch" name="searchword" time="6.280"/>
  <system-out/>
</testsuite> <!-- Test_Scenarios.TestMethods_GoogleSearch -->
